<?xml version="1.0" encoding="UTF-8"?>
<!-- Generated by org.testng.reporters.JUnitReportReporter -->
<testsuite name="pages.LoginPage" tests="5" time="39.579" ignored="0" failures="0" timestamp="19 Jun 2017 17:41:19 GMT" skipped="0" hostname="tester" errors="0">
  <testcase name="setData" time="8.080" classname="pages.LoginPage"/>
  <testcase name="setData" time="7.866" classname="pages.LoginPage"/>
  <testcase name="setData" time="7.852" classname="pages.LoginPage"/>
  <testcase name="setData" time="7.907" classname="pages.LoginPage"/>
  <testcase name="setData" time="7.874" classname="pages.LoginPage"/>
</testsuite> <!-- pages.LoginPage -->
