<?xml version="1.0" encoding="UTF-8"?>
<!-- Generated by org.testng.reporters.JUnitReportReporter -->
<testsuite name="testCases.TC_001" tests="1" time="0.408" ignored="0" failures="0" timestamp="19 Jun 2017 12:15:06 GMT" skipped="0" hostname="DT-ARRCHNNA" errors="0">
  <testcase name="test1" time="0.408" classname="testCases.TC_001"/>
</testsuite> <!-- testCases.TC_001 -->
